This is pdfTeX, Version 3.1415926-1.40.10 (TeX Live 2009/Debian) (format=pdflatex 2014.9.23)  28 OCT 2014 08:33
entering extended mode
 %&-line parsing enabled.
**"Realtorio - Problema 1.tex"
(./Realtorio - Problema 1.tex
LaTeX2e <2009/09/24>
Babel <v3.8l> and hyphenation patterns for english, usenglishmax, dumylang, noh
yphenation, loaded.
(./IEEEtran.cls
Document Class: IEEEtran 2007/03/05 V1.7a by Michael Shell
-- See the "IEEEtran_HOWTO" manual for usage information.
-- http://www.michaelshell.org/tex/ieeetran/
\@IEEEtrantmpdimenA=\dimen102
\@IEEEtrantmpdimenB=\dimen103
\@IEEEtrantmpcountA=\count79
\@IEEEtrantmpcountB=\count80
\@IEEEtrantmptoksA=\toks14
LaTeX Font Info:    Try loading font information for OT1+ptm on input line 366.

(/usr/share/texmf-texlive/tex/latex/psnfss/ot1ptm.fd
File: ot1ptm.fd 2001/06/04 font definitions for OT1/ptm.
)
-- Using 8.5in x 11in (letter) paper.
-- Using PDF output.
\@IEEEnormalsizeunitybaselineskip=\dimen104
-- This is a 10 point document.
\CLASSINFOnormalsizebaselineskip=\dimen105
\CLASSINFOnormalsizeunitybaselineskip=\dimen106
\IEEEnormaljot=\dimen107
LaTeX Font Info:    Font shape `OT1/ptm/bx/n' in size <5> not available
(Font)              Font shape `OT1/ptm/b/n' tried instead on input line 724.
LaTeX Font Info:    Font shape `OT1/ptm/bx/it' in size <5> not available
(Font)              Font shape `OT1/ptm/b/it' tried instead on input line 724.
LaTeX Font Info:    Font shape `OT1/ptm/bx/n' in size <7> not available
(Font)              Font shape `OT1/ptm/b/n' tried instead on input line 724.
LaTeX Font Info:    Font shape `OT1/ptm/bx/it' in size <7> not available
(Font)              Font shape `OT1/ptm/b/it' tried instead on input line 724.
LaTeX Font Info:    Font shape `OT1/ptm/bx/n' in size <8> not available
(Font)              Font shape `OT1/ptm/b/n' tried instead on input line 724.
LaTeX Font Info:    Font shape `OT1/ptm/bx/it' in size <8> not available
(Font)              Font shape `OT1/ptm/b/it' tried instead on input line 724.
LaTeX Font Info:    Font shape `OT1/ptm/bx/n' in size <9> not available
(Font)              Font shape `OT1/ptm/b/n' tried instead on input line 724.
LaTeX Font Info:    Font shape `OT1/ptm/bx/it' in size <9> not available
(Font)              Font shape `OT1/ptm/b/it' tried instead on input line 724.
LaTeX Font Info:    Font shape `OT1/ptm/bx/n' in size <10> not available
(Font)              Font shape `OT1/ptm/b/n' tried instead on input line 724.
LaTeX Font Info:    Font shape `OT1/ptm/bx/it' in size <10> not available
(Font)              Font shape `OT1/ptm/b/it' tried instead on input line 724.
LaTeX Font Info:    Font shape `OT1/ptm/bx/n' in size <11> not available
(Font)              Font shape `OT1/ptm/b/n' tried instead on input line 724.
LaTeX Font Info:    Font shape `OT1/ptm/bx/it' in size <11> not available
(Font)              Font shape `OT1/ptm/b/it' tried instead on input line 724.
LaTeX Font Info:    Font shape `OT1/ptm/bx/n' in size <12> not available
(Font)              Font shape `OT1/ptm/b/n' tried instead on input line 724.
LaTeX Font Info:    Font shape `OT1/ptm/bx/it' in size <12> not available
(Font)              Font shape `OT1/ptm/b/it' tried instead on input line 724.
LaTeX Font Info:    Font shape `OT1/ptm/bx/n' in size <17> not available
(Font)              Font shape `OT1/ptm/b/n' tried instead on input line 724.
LaTeX Font Info:    Font shape `OT1/ptm/bx/it' in size <17> not available
(Font)              Font shape `OT1/ptm/b/it' tried instead on input line 724.
LaTeX Font Info:    Font shape `OT1/ptm/bx/n' in size <20> not available
(Font)              Font shape `OT1/ptm/b/n' tried instead on input line 724.
LaTeX Font Info:    Font shape `OT1/ptm/bx/it' in size <20> not available
(Font)              Font shape `OT1/ptm/b/it' tried instead on input line 724.
LaTeX Font Info:    Font shape `OT1/ptm/bx/n' in size <24> not available
(Font)              Font shape `OT1/ptm/b/n' tried instead on input line 724.
LaTeX Font Info:    Font shape `OT1/ptm/bx/it' in size <24> not available
(Font)              Font shape `OT1/ptm/b/it' tried instead on input line 724.
\IEEEilabelindentA=\dimen108
\IEEEilabelindentB=\dimen109
\IEEEilabelindent=\dimen110
\IEEEelabelindent=\dimen111
\IEEEdlabelindent=\dimen112
\IEEElabelindent=\dimen113
\IEEEiednormlabelsep=\dimen114
\IEEEiedmathlabelsep=\dimen115
\IEEEiedtopsep=\skip41
\c@section=\count81
\c@subsection=\count82
\c@subsubsection=\count83
\c@paragraph=\count84
\c@IEEEsubequation=\count85
\abovecaptionskip=\skip42
\belowcaptionskip=\skip43
\c@figure=\count86
\c@table=\count87
\@IEEEeqnnumcols=\count88
\@IEEEeqncolcnt=\count89
\@IEEEtmpitemindent=\dimen116
\c@IEEEbiography=\count90
\@IEEEtranrubishbin=\box26
) (/usr/share/texmf-texlive/tex/latex/graphics/graphics.sty
Package: graphics 2009/02/05 v1.0o Standard LaTeX Graphics (DPC,SPQR)

(/usr/share/texmf-texlive/tex/latex/graphics/trig.sty
Package: trig 1999/03/16 v1.09 sin cos tan (DPC)
)
(/etc/texmf/tex/latex/config/graphics.cfg
File: graphics.cfg 2009/08/28 v1.8 graphics configuration of TeX Live
)
Package graphics Info: Driver file: pdftex.def on input line 91.

(/usr/share/texmf-texlive/tex/latex/pdftex-def/pdftex.def
File: pdftex.def 2010/03/12 v0.04p Graphics/color for pdfTeX
\Gread@gobject=\count91
))
(/usr/share/texmf-texlive/tex/latex/graphics/graphicx.sty
Package: graphicx 1999/02/16 v1.0f Enhanced LaTeX Graphics (DPC,SPQR)

(/usr/share/texmf-texlive/tex/latex/graphics/keyval.sty
Package: keyval 1999/03/16 v1.13 key=value parser (DPC)
\KV@toks@=\toks15
)
\Gin@req@height=\dimen117
\Gin@req@width=\dimen118
)
(/usr/share/texmf-texlive/tex/latex/base/inputenc.sty
Package: inputenc 2008/03/30 v1.1d Input encoding file
\inpenc@prehook=\toks16
\inpenc@posthook=\toks17

(/usr/share/texmf-texlive/tex/latex/base/latin1.def
File: latin1.def 2008/03/30 v1.1d Input encoding file
))
(/usr/share/texmf-texlive/tex/latex/base/fontenc.sty
Package: fontenc 2005/09/27 v1.99g Standard LaTeX package

(/usr/share/texmf-texlive/tex/latex/base/t1enc.def
File: t1enc.def 2005/09/27 v1.99g Standard LaTeX file
LaTeX Font Info:    Redeclaring font encoding T1 on input line 43.
)
LaTeX Font Info:    Try loading font information for T1+ptm on input line 100.

(/usr/share/texmf-texlive/tex/latex/psnfss/t1ptm.fd
File: t1ptm.fd 2001/06/04 font definitions for T1/ptm.
))
(/usr/share/texmf-texlive/tex/latex/hyperref/hyperref.sty
Package: hyperref 2009/10/09 v6.79a Hypertext links for LaTeX

(/usr/share/texmf-texlive/tex/generic/oberdiek/ifpdf.sty
Package: ifpdf 2009/04/10 v2.0 Provides the ifpdf switch (HO)
Package ifpdf Info: pdfTeX in pdf mode detected.
)
(/usr/share/texmf-texlive/tex/generic/oberdiek/ifvtex.sty
Package: ifvtex 2008/11/04 v1.4 Switches for detecting VTeX and its modes (HO)
Package ifvtex Info: VTeX not detected.
)
(/usr/share/texmf-texlive/tex/generic/ifxetex/ifxetex.sty
Package: ifxetex 2009/01/23 v0.5 Provides ifxetex conditional
)
(/usr/share/texmf-texlive/tex/latex/oberdiek/hycolor.sty
Package: hycolor 2009/10/02 v1.5 Code for color options of hyperref/bookmark (H
O)

(/usr/share/texmf-texlive/tex/latex/oberdiek/xcolor-patch.sty
Package: xcolor-patch 2009/10/02 xcolor patch
))
\@linkdim=\dimen119
\Hy@linkcounter=\count92
\Hy@pagecounter=\count93

(/usr/share/texmf-texlive/tex/latex/hyperref/pd1enc.def
File: pd1enc.def 2009/10/09 v6.79a Hyperref: PDFDocEncoding definition (HO)
)
(/usr/share/texmf-texlive/tex/generic/oberdiek/etexcmds.sty
Package: etexcmds 2007/12/12 v1.2 Prefix for e-TeX command names (HO)

(/usr/share/texmf-texlive/tex/generic/oberdiek/infwarerr.sty
Package: infwarerr 2007/09/09 v1.2 Providing info/warning/message (HO)
)
Package etexcmds Info: Could not find \expanded.
(etexcmds)             That can mean that you are not using pdfTeX 1.50 or
(etexcmds)             that some package has redefined \expanded.
(etexcmds)             In the latter case, load this package earlier.
)
(/usr/share/texmf-texlive/tex/latex/latexconfig/hyperref.cfg
File: hyperref.cfg 2002/06/06 v1.2 hyperref configuration of TeXLive
)
(/usr/share/texmf-texlive/tex/latex/oberdiek/kvoptions.sty
Package: kvoptions 2009/08/13 v3.4 Keyval support for LaTeX options (HO)

(/usr/share/texmf-texlive/tex/generic/oberdiek/kvsetkeys.sty
Package: kvsetkeys 2009/07/30 v1.5 Key value parser with default handler suppor
t (HO)
))
Package hyperref Info: Option `colorlinks' set `true' on input line 2864.
Package hyperref Info: Option `bookmarksopen' set `true' on input line 2864.
Package hyperref Info: Option `bookmarksnumbered' set `true' on input line 2864
.
Package hyperref Info: Hyper figures OFF on input line 2975.
Package hyperref Info: Link nesting OFF on input line 2980.
Package hyperref Info: Hyper index ON on input line 2983.
Package hyperref Info: Plain pages OFF on input line 2990.
Package hyperref Info: Backreferencing OFF on input line 2995.

Implicit mode ON; LaTeX internals redefined
Package hyperref Info: Bookmarks ON on input line 3191.
(/usr/share/texmf-texlive/tex/latex/ltxmisc/url.sty
\Urlmuskip=\muskip10
Package: url 2006/04/12  ver 3.3  Verb mode for urls, etc.
)
LaTeX Info: Redefining \url on input line 3428.

(/usr/share/texmf-texlive/tex/generic/oberdiek/bitset.sty
Package: bitset 2007/09/28 v1.0 Data type bit set (HO)

(/usr/share/texmf-texlive/tex/generic/oberdiek/intcalc.sty
Package: intcalc 2007/09/27 v1.1 Expandable integer calculations (HO)
)
(/usr/share/texmf-texlive/tex/generic/oberdiek/bigintcalc.sty
Package: bigintcalc 2007/11/11 v1.1 Expandable big integer calculations (HO)

(/usr/share/texmf-texlive/tex/generic/oberdiek/pdftexcmds.sty
Package: pdftexcmds 2009/09/23 v0.6 LuaTeX support for pdfTeX utility functions
 (HO)

(/usr/share/texmf-texlive/tex/generic/oberdiek/ifluatex.sty
Package: ifluatex 2009/04/17 v1.2 Provides the ifluatex switch (HO)
Package ifluatex Info: LuaTeX not detected.
)
(/usr/share/texmf-texlive/tex/generic/oberdiek/ltxcmds.sty
Package: ltxcmds 2009/08/05 v1.0 Some LaTeX kernel commands for general use (HO
)
)
Package pdftexcmds Info: LuaTeX not detected.
Package pdftexcmds Info: \pdf@primitive is available.
Package pdftexcmds Info: \pdf@ifprimitive is available.
)))
\Fld@menulength=\count94
\Field@Width=\dimen120
\Fld@charsize=\dimen121
\Field@toks=\toks18
Package hyperref Info: Hyper figures OFF on input line 4377.
Package hyperref Info: Link nesting OFF on input line 4382.
Package hyperref Info: Hyper index ON on input line 4385.
Package hyperref Info: backreferencing OFF on input line 4392.
Package hyperref Info: Link coloring ON on input line 4395.
Package hyperref Info: Link coloring with OCG OFF on input line 4402.
Package hyperref Info: PDF/A mode OFF on input line 4407.

(/usr/share/texmf-texlive/tex/generic/oberdiek/atbegshi.sty
Package: atbegshi 2008/07/31 v1.9 At begin shipout hook (HO)
)
\Hy@abspage=\count95
\c@Item=\count96
\c@Hfootnote=\count97
)

Package hyperref Warning: Wrong driver `hdvips.def';
(hyperref)                pdfTeX is running in PDF mode.
(hyperref)                Forcing driver `hpdftex.def'.

*hyperref using driver hpdftex*
(/usr/share/texmf-texlive/tex/latex/hyperref/hpdftex.def
File: hpdftex.def 2009/10/09 v6.79a Hyperref driver for pdfTeX
\Fld@listcount=\count98
)
(/usr/share/texmf-texlive/tex/latex/listings/listings.sty
\lst@mode=\count99
\lst@gtempboxa=\box27
\lst@token=\toks19
\lst@length=\count100
\lst@currlwidth=\dimen122
\lst@column=\count101
\lst@pos=\count102
\lst@lostspace=\dimen123
\lst@width=\dimen124
\lst@newlines=\count103
\lst@lineno=\count104
\lst@maxwidth=\dimen125

(/usr/share/texmf-texlive/tex/latex/listings/lstmisc.sty
File: lstmisc.sty 2007/02/22 1.4 (Carsten Heinz)
\c@lstnumber=\count105
\lst@skipnumbers=\count106
\lst@framebox=\box28
)
(/usr/share/texmf-texlive/tex/latex/listings/listings.cfg
File: listings.cfg 2007/02/22 1.4 listings configuration
))
Package: listings 2007/02/22 1.4 (Carsten Heinz)

(/usr/share/texmf-texlive/tex/latex/amsmath/amsmath.sty
Package: amsmath 2000/07/18 v2.13 AMS math features
\@mathmargin=\skip44

For additional information on amsmath, use the `?' option.
(/usr/share/texmf-texlive/tex/latex/amsmath/amstext.sty
Package: amstext 2000/06/29 v2.01

(/usr/share/texmf-texlive/tex/latex/amsmath/amsgen.sty
File: amsgen.sty 1999/11/30 v2.0
\@emptytoks=\toks20
\ex@=\dimen126
))
(/usr/share/texmf-texlive/tex/latex/amsmath/amsbsy.sty
Package: amsbsy 1999/11/29 v1.2d
\pmbraise@=\dimen127
)
(/usr/share/texmf-texlive/tex/latex/amsmath/amsopn.sty
Package: amsopn 1999/12/14 v2.01 operator names
)
\inf@bad=\count107
LaTeX Info: Redefining \frac on input line 211.
\uproot@=\count108
\leftroot@=\count109
LaTeX Info: Redefining \overline on input line 307.
\classnum@=\count110
\DOTSCASE@=\count111
LaTeX Info: Redefining \ldots on input line 379.
LaTeX Info: Redefining \dots on input line 382.
LaTeX Info: Redefining \cdots on input line 467.
\Mathstrutbox@=\box29
\strutbox@=\box30
\big@size=\dimen128
LaTeX Font Info:    Redeclaring font encoding OML on input line 567.
LaTeX Font Info:    Redeclaring font encoding OMS on input line 568.
\macc@depth=\count112
\c@MaxMatrixCols=\count113
\dotsspace@=\muskip11
\c@parentequation=\count114
\dspbrk@lvl=\count115
\tag@help=\toks21
\row@=\count116
\column@=\count117
\maxfields@=\count118
\andhelp@=\toks22
\eqnshift@=\dimen129
\alignsep@=\dimen130
\tagshift@=\dimen131
\tagwidth@=\dimen132
\totwidth@=\dimen133
\lineht@=\dimen134
\@envbody=\toks23
\multlinegap=\skip45
\multlinetaggap=\skip46
\mathdisplay@stack=\toks24
LaTeX Info: Redefining \[ on input line 2666.
LaTeX Info: Redefining \] on input line 2667.
)
(/usr/share/texmf-texlive/tex/latex/amscls/amsthm.sty
Package: amsthm 2004/08/06 v2.20
\thm@style=\toks25
\thm@bodyfont=\toks26
\thm@headfont=\toks27
\thm@notefont=\toks28
\thm@headpunct=\toks29
\thm@preskip=\skip47
\thm@postskip=\skip48
\thm@headsep=\skip49
\dth@everypar=\toks30
)
(/usr/share/texmf-texlive/tex/latex/amsfonts/amssymb.sty
Package: amssymb 2009/06/22 v3.00

(/usr/share/texmf-texlive/tex/latex/amsfonts/amsfonts.sty
Package: amsfonts 2009/06/22 v3.00 Basic AMSFonts support
\symAMSa=\mathgroup4
\symAMSb=\mathgroup5
LaTeX Font Info:    Overwriting math alphabet `\mathfrak' in version `bold'
(Font)                  U/euf/m/n --> U/euf/b/n on input line 96.
))
(./Realtorio - Problema 1.aux)
\openout1 = `"Realtorio - Problema 1.aux"'.

LaTeX Font Info:    Checking defaults for OML/cmm/m/it on input line 18.
LaTeX Font Info:    ... okay on input line 18.
LaTeX Font Info:    Checking defaults for T1/cmr/m/n on input line 18.
LaTeX Font Info:    ... okay on input line 18.
LaTeX Font Info:    Checking defaults for OT1/cmr/m/n on input line 18.
LaTeX Font Info:    ... okay on input line 18.
LaTeX Font Info:    Checking defaults for OMS/cmsy/m/n on input line 18.
LaTeX Font Info:    ... okay on input line 18.
LaTeX Font Info:    Checking defaults for OMX/cmex/m/n on input line 18.
LaTeX Font Info:    ... okay on input line 18.
LaTeX Font Info:    Checking defaults for U/cmr/m/n on input line 18.
LaTeX Font Info:    ... okay on input line 18.
LaTeX Font Info:    Checking defaults for PD1/pdf/m/n on input line 18.
LaTeX Font Info:    ... okay on input line 18.
LaTeX Font Info:    Font shape `T1/ptm/bx/n' in size <5> not available
(Font)              Font shape `T1/ptm/b/n' tried instead on input line 18.
LaTeX Font Info:    Font shape `T1/ptm/bx/it' in size <5> not available
(Font)              Font shape `T1/ptm/b/it' tried instead on input line 18.
LaTeX Font Info:    Font shape `T1/ptm/bx/n' in size <7> not available
(Font)              Font shape `T1/ptm/b/n' tried instead on input line 18.
LaTeX Font Info:    Font shape `T1/ptm/bx/it' in size <7> not available
(Font)              Font shape `T1/ptm/b/it' tried instead on input line 18.
LaTeX Font Info:    Font shape `T1/ptm/bx/n' in size <8> not available
(Font)              Font shape `T1/ptm/b/n' tried instead on input line 18.
LaTeX Font Info:    Font shape `T1/ptm/bx/it' in size <8> not available
(Font)              Font shape `T1/ptm/b/it' tried instead on input line 18.
LaTeX Font Info:    Font shape `T1/ptm/bx/n' in size <9> not available
(Font)              Font shape `T1/ptm/b/n' tried instead on input line 18.
LaTeX Font Info:    Font shape `T1/ptm/bx/it' in size <9> not available
(Font)              Font shape `T1/ptm/b/it' tried instead on input line 18.
LaTeX Font Info:    Font shape `T1/ptm/bx/n' in size <10> not available
(Font)              Font shape `T1/ptm/b/n' tried instead on input line 18.
LaTeX Font Info:    Font shape `T1/ptm/bx/it' in size <10> not available
(Font)              Font shape `T1/ptm/b/it' tried instead on input line 18.
LaTeX Font Info:    Font shape `T1/ptm/bx/n' in size <11> not available
(Font)              Font shape `T1/ptm/b/n' tried instead on input line 18.
LaTeX Font Info:    Font shape `T1/ptm/bx/it' in size <11> not available
(Font)              Font shape `T1/ptm/b/it' tried instead on input line 18.
LaTeX Font Info:    Font shape `T1/ptm/bx/n' in size <12> not available
(Font)              Font shape `T1/ptm/b/n' tried instead on input line 18.
LaTeX Font Info:    Font shape `T1/ptm/bx/it' in size <12> not available
(Font)              Font shape `T1/ptm/b/it' tried instead on input line 18.
LaTeX Font Info:    Font shape `T1/ptm/bx/n' in size <17> not available
(Font)              Font shape `T1/ptm/b/n' tried instead on input line 18.
LaTeX Font Info:    Font shape `T1/ptm/bx/it' in size <17> not available
(Font)              Font shape `T1/ptm/b/it' tried instead on input line 18.
LaTeX Font Info:    Font shape `T1/ptm/bx/n' in size <20> not available
(Font)              Font shape `T1/ptm/b/n' tried instead on input line 18.
LaTeX Font Info:    Font shape `T1/ptm/bx/it' in size <20> not available
(Font)              Font shape `T1/ptm/b/it' tried instead on input line 18.
LaTeX Font Info:    Font shape `T1/ptm/bx/n' in size <24> not available
(Font)              Font shape `T1/ptm/b/n' tried instead on input line 18.
LaTeX Font Info:    Font shape `T1/ptm/bx/it' in size <24> not available
(Font)              Font shape `T1/ptm/b/it' tried instead on input line 18.

(/usr/share/texmf-texlive/tex/context/base/supp-pdf.mkii
[Loading MPS to PDF converter (version 2006.09.02).]
\scratchcounter=\count119
\scratchdimen=\dimen135
\scratchbox=\box31
\nofMPsegments=\count120
\nofMParguments=\count121
\everyMPshowfont=\toks31
\MPscratchCnt=\count122
\MPscratchDim=\dimen136
\MPnumerator=\count123
\everyMPtoPDFconversion=\toks32
) (/usr/share/texmf-texlive/tex/latex/graphics/color.sty
Package: color 2005/11/14 v1.0j Standard LaTeX Color (DPC)

(/etc/texmf/tex/latex/config/color.cfg
File: color.cfg 2007/01/18 v1.5 color configuration of teTeX/TeXLive
)
Package color Info: Driver file: pdftex.def on input line 130.
)
Package hyperref Info: Link coloring ON on input line 18.

(/usr/share/texmf-texlive/tex/latex/hyperref/nameref.sty
Package: nameref 2007/05/29 v2.31 Cross-referencing by name of section

(/usr/share/texmf-texlive/tex/latex/oberdiek/refcount.sty
Package: refcount 2008/08/11 v3.1 Data extraction from references (HO)
)
\c@section@level=\count124
)
LaTeX Info: Redefining \ref on input line 18.
LaTeX Info: Redefining \pageref on input line 18.

(./Realtorio - Problema 1.out) (./Realtorio - Problema 1.out)
\@outlinefile=\write3
\openout3 = `"Realtorio - Problema 1.out"'.

\AtBeginShipoutBox=\box32
\c@lstlisting=\count125

** WARNING: \thanks is locked out when in conference mode (line 21).
** WARNING: \IEEEPARstart is locked out when in conference mode (line 39).

Underfull \hbox (badness 1490) in paragraph at lines 39--43
\T1/ptm/m/n/10 fim são os pro-ces-sos de otimiza-ção uti-lizando méto-dos
 []


Underfull \hbox (badness 10000) in paragraph at lines 39--43

 []

LaTeX Font Info:    Try loading font information for U+msa on input line 63.
(/usr/share/texmf-texlive/tex/latex/amsfonts/umsa.fd
File: umsa.fd 2009/06/22 v3.00 AMS symbols A
)
LaTeX Font Info:    Try loading font information for U+msb on input line 63.

(/usr/share/texmf-texlive/tex/latex/amsfonts/umsb.fd
File: umsb.fd 2009/06/22 v3.00 AMS symbols B
) [1{/var/lib/texmf/fonts/map/pdftex/updmap/pdftex.map}


]

LaTeX Warning: Command \^ invalid in math mode on input line 141.

Missing character: There is no ê in font cmr7!
(/usr/share/texmf-texlive/tex/latex/listings/lstlang1.sty
File: lstlang1.sty 2004/09/05 1.3 listings language file
)
LaTeX Font Info:    Try loading font information for OMS+ptm on input line 197.


(/usr/share/texmf-texlive/tex/latex/psnfss/omsptm.fd
File: omsptm.fd 
)
LaTeX Font Info:    Font shape `OMS/ptm/m/n' in size <10> not available
(Font)              Font shape `OMS/cmsy/m/n' tried instead on input line 197.

Overfull \hbox (3.20837pt too wide) detected at line 207
\OML/cmm/m/it/10 F[]\OT1/cmr/m/n/10 (\OML/cmm/m/it/10 x[]; x[]\OT1/cmr/m/n/10 )
 = (\OML/cmm/m/it/10 max\OT1/cmr/m/n/10 (\OML/cmm/m/it/10 x[]\OT1/cmr/m/n/10 ) 
\OMS/cmsy/m/n/10 ^^@ \OML/cmm/m/it/10 min\OT1/cmr/m/n/10 (\OML/cmm/m/it/10 x[]\
OT1/cmr/m/n/10 )) + (\OML/cmm/m/it/10 max\OT1/cmr/m/n/10 (\OML/cmm/m/it/10 x[]\
OT1/cmr/m/n/10 ) \OMS/cmsy/m/n/10 ^^@ \OML/cmm/m/it/10 min\OT1/cmr/m/n/10 (\OML
/cmm/m/it/10 x[]\OT1/cmr/m/n/10 ))
 []


Overfull \hbox (29.36554pt too wide) in paragraph at lines 214--221
 [][][] 
 []

<imagens/simulacao-23-0.png, id=106, 501.875pt x 412.54124pt>
File: imagens/simulacao-23-0.png Graphic file (type png)

<use imagens/simulacao-23-0.png>
<imagens/simulacao-23-1.png, id=107, 486.81876pt x 414.54875pt>
File: imagens/simulacao-23-1.png Graphic file (type png)

<use imagens/simulacao-23-1.png>

LaTeX Warning: `!h' float specifier changed to `!ht'.

[2 <./imagens/simulacao-23-0.png (PNG copy)>]
<imagens/simulacao-24-0.png, id=133, 502.87875pt x 409.53pt>
File: imagens/simulacao-24-0.png Graphic file (type png)

<use imagens/simulacao-24-0.png>

LaTeX Warning: `!h' float specifier changed to `!ht'.

<imagens/simulacao-24-1.png, id=134, 477.785pt x 405.515pt>
File: imagens/simulacao-24-1.png Graphic file (type png)

<use imagens/simulacao-24-1.png>

LaTeX Warning: `!h' float specifier changed to `!ht'.

<imagens/4ex1.png, id=138, 558.085pt x 455.7025pt>
File: imagens/4ex1.png Graphic file (type png)
 <use imagens/4ex1.png>

LaTeX Warning: `!h' float specifier changed to `!ht'.

[3 <./imagens/simulacao-23-1.png (PNG copy)> <./imagens/simulacao-24-0.png (PNG
 copy)> <./imagens/simulacao-24-1.png (PNG copy)>]
<imagens/4ex2-eq.png, id=155, 613.29124pt x 504.88625pt>
File: imagens/4ex2-eq.png Graphic file (type png)

<use imagens/4ex2-eq.png>
<imagens/4ex3-3.png, id=157, 1748.5325pt x 904.37875pt>
File: imagens/4ex3-3.png Graphic file (type png)

<use imagens/4ex3-3.png>
<imagens/4ex4-5.png, id=159, 555.07375pt x 454.69875pt>
File: imagens/4ex4-5.png Graphic file (type png)

<use imagens/4ex4-5.png>

LaTeX Warning: `!h' float specifier changed to `!ht'.

[4 <./imagens/4ex1.png (PNG copy)> <./imagens/4ex2-eq.png (PNG copy)> <./imagen
s/4ex3-3.png (PNG copy)>]
<imagens/4ex4-simul.png, id=174, 488.82625pt x 402.50375pt>
File: imagens/4ex4-simul.png Graphic file (type png)

<use imagens/4ex4-simul.png>

LaTeX Warning: `!h' float specifier changed to `!ht'.

<imagens/4ex5-2.png, id=176, 438.6789pt x 353.4003pt>
File: imagens/4ex5-2.png Graphic file (type png)
 <use imagens/4ex5-2.png>

LaTeX Warning: `!h' float specifier changed to `!ht'.

<imagens/4ex6.png, id=178, 612.2875pt x 504.88625pt>
File: imagens/4ex6.png Graphic file (type png)
 <use imagens/4ex6.png>

LaTeX Warning: `!h' float specifier changed to `!ht'.

[5 <./imagens/4ex4-5.png (PNG copy)> <./imagens/4ex4-simul.png (PNG copy)> <./i
magens/4ex5-2.png (PNG copy)>]
<imagens/4ex7.png, id=193, 612.2875pt x 496.85625pt>
File: imagens/4ex7.png Graphic file (type png)
 <use imagens/4ex7.png>

** Conference Paper **
Before submitting the final camera ready copy, remember to:

 1. Manually equalize the lengths of two columns on the last page
 of your paper;

 2. Ensure that any PostScript and/or PDF output post-processing
 uses only Type 1 fonts and that every step in the generation
 process uses the appropriate paper size.

[6 <./imagens/4ex6.png (PNG copy)> <./imagens/4ex7.png (PNG copy)>]
(./Realtorio - Problema 1.aux) ) 
Here is how much of TeX's memory you used:
 8514 strings out of 495061
 118855 string characters out of 1182621
 234111 words of memory out of 3000000
 11479 multiletter control sequences out of 15000+50000
 115997 words of font info for 126 fonts, out of 3000000 for 9000
 29 hyphenation exceptions out of 8191
 38i,14n,42p,290b,2071s stack positions out of 5000i,500n,10000p,200000b,50000s
{/usr/share/texmf-texlive/fonts/enc/dvips/base/
8r.enc}</usr/share/texmf-texlive/fonts/type1/public/amsfonts/cm/cmex10.pfb></us
r/share/texmf-texlive/fonts/type1/public/amsfonts/cm/cmmi10.pfb></usr/share/tex
mf-texlive/fonts/type1/public/amsfonts/cm/cmmi6.pfb></usr/share/texmf-texlive/f
onts/type1/public/amsfonts/cm/cmmi7.pfb></usr/share/texmf-texlive/fonts/type1/p
ublic/amsfonts/cm/cmmi8.pfb></usr/share/texmf-texlive/fonts/type1/public/amsfon
ts/cm/cmr10.pfb></usr/share/texmf-texlive/fonts/type1/public/amsfonts/cm/cmr5.p
fb></usr/share/texmf-texlive/fonts/type1/public/amsfonts/cm/cmr6.pfb></usr/shar
e/texmf-texlive/fonts/type1/public/amsfonts/cm/cmr7.pfb></usr/share/texmf-texli
ve/fonts/type1/public/amsfonts/cm/cmr8.pfb></usr/share/texmf-texlive/fonts/type
1/public/amsfonts/cm/cmsy10.pfb></usr/share/texmf-texlive/fonts/type1/public/am
sfonts/cm/cmsy7.pfb></usr/share/texmf-texlive/fonts/type1/public/amsfonts/cm/cm
sy8.pfb></usr/share/texmf-texlive/fonts/type1/urw/times/utmb8a.pfb></usr/share/
texmf-texlive/fonts/type1/urw/times/utmbi8a.pfb></usr/share/texmf-texlive/fonts
/type1/urw/times/utmr8a.pfb></usr/share/texmf-texlive/fonts/type1/urw/times/utm
ri8a.pfb>
Output written on "Realtorio - Problema 1.pdf" (6 pages, 363239 bytes).
PDF statistics:
 276 PDF objects out of 1000 (max. 8388607)
 78 named destinations out of 1000 (max. 500000)
 213 words of extra memory for PDF output out of 10000 (max. 10000000)

