\BOOKMARK [1][]{section.1}{I Introdu\347\343o}{}% 1
\BOOKMARK [1][]{section.2}{II Metodologia}{}% 2
\BOOKMARK [1][]{section.3}{III Algoritmo Gen\351tico}{}% 3
\BOOKMARK [2][]{subsection.3.1}{III-A Parametros do Algoritmo Gen\351tico}{section.3}% 4
\BOOKMARK [2][]{subsection.3.2}{III-B Algoritmo Gen\351tico}{section.3}% 5
\BOOKMARK [1][]{section.4}{IV Problemas de otimiza\347\343o}{}% 6
\BOOKMARK [2][]{subsection.4.1}{IV-A Equa\347\343o do Segundo Grau - Problema 1}{section.4}% 7
\BOOKMARK [2][]{subsection.4.2}{IV-B Problema 2}{section.4}% 8
\BOOKMARK [3][]{subsubsection.4.2.1}{IV-B1 Corte do Barbante - Problema 2.1}{subsection.4.2}% 9
\BOOKMARK [3][]{subsubsection.4.2.2}{IV-B2 Per\355metro de Ret\342ngulo - Problema 2.2}{subsection.4.2}% 10
\BOOKMARK [3][]{subsubsection.4.2.3}{IV-B3 Ponto de Equil\355brio Sistema de Equa\347\365es - Problema 2.3}{subsection.4.2}% 11
\BOOKMARK [3][]{subsubsection.4.2.4}{IV-B4 Ponto de Equil\355brio Sistema de Equa\347\365es - parte 2 - Problema 2.4}{subsection.4.2}% 12
\BOOKMARK [2][]{subsection.4.3}{IV-C Ponto de Equil\355brio Sistema de Equa\347\365es - Problema 3}{section.4}% 13
\BOOKMARK [3][]{subsubsection.4.3.1}{IV-C1 Ponto de Equil\355brio Sistema de Equa\347\365es - Problema 3.1}{subsection.4.3}% 14
\BOOKMARK [3][]{subsubsection.4.3.2}{IV-C2 Ponto de Equil\355brio Sistema de Equa\347\365es - Problema 3.2}{subsection.4.3}% 15
\BOOKMARK [3][]{subsubsection.4.3.3}{IV-C3 Ponto de Equil\355brio Sistema de Equa\347\365es - Problema 3.3}{subsection.4.3}% 16
\BOOKMARK [3][]{subsubsection.4.3.4}{IV-C4 Ponto de Equil\355brio Sistema de Equa\347\365es - Problema 3.4}{subsection.4.3}% 17
\BOOKMARK [3][]{subsubsection.4.3.5}{IV-C5 Ponto de Equil\355brio Sistema de Equa\347\365es - Problema 3.5}{subsection.4.3}% 18
\BOOKMARK [3][]{subsubsection.4.3.6}{IV-C6 Ponto de Equil\355brio Sistema de Equa\347\365es - Problema 3.6}{subsection.4.3}% 19
\BOOKMARK [3][]{subsubsection.4.3.7}{IV-C7 Ponto de Equil\355brio Sistema de Equa\347\365es - Problema 3.7}{subsection.4.3}% 20
\BOOKMARK [1][]{section.5}{V Conclus\343o}{}% 21
\BOOKMARK [1][]{section*.1}{Referências}{}% 22
